Netgen 1.5.282 compiled on Mon Oct 14 15:58:40 WIB 2024
Warning: netgen command 'format' use fully-qualified name '::netgen::format'
Warning: netgen command 'global' use fully-qualified name '::netgen::global'
Reading netlist file /home/jihananz/project/opamp/mag/tbc/pmos_out.ext.spc
Call to undefined subcircuit sky130_fd_pr__pfet_01v8
Creating placeholder cell definition.
Reading netlist file /home/jihananz/project/opamp/mag/tbc/pmos_out.sch.spc
Call to undefined subcircuit sky130_fd_pr__pfet_01v8
Creating placeholder cell definition.

Reading setup file /home/jihananz/pdk/sky130A/libs.tech/netgen/sky130A_setup.tcl

Model sky130_fd_pr__pfet_01v8 pin 1 == 3
No property mult found for device sky130_fd_pr__pfet_01v8
No property sa found for device sky130_fd_pr__pfet_01v8
No property sb found for device sky130_fd_pr__pfet_01v8
No property sd found for device sky130_fd_pr__pfet_01v8
No property nf found for device sky130_fd_pr__pfet_01v8
No property nrd found for device sky130_fd_pr__pfet_01v8
No property nrs found for device sky130_fd_pr__pfet_01v8
No property area found for device sky130_fd_pr__pfet_01v8
No property perim found for device sky130_fd_pr__pfet_01v8
No property topography found for device sky130_fd_pr__pfet_01v8
Model sky130_fd_pr__pfet_01v8 pin 1 == 3
No property as found for device sky130_fd_pr__pfet_01v8
No property ad found for device sky130_fd_pr__pfet_01v8
No property ps found for device sky130_fd_pr__pfet_01v8
No property pd found for device sky130_fd_pr__pfet_01v8
No property mult found for device sky130_fd_pr__pfet_01v8
No property sa found for device sky130_fd_pr__pfet_01v8
No property sb found for device sky130_fd_pr__pfet_01v8
No property sd found for device sky130_fd_pr__pfet_01v8
No property nrd found for device sky130_fd_pr__pfet_01v8
No property nrs found for device sky130_fd_pr__pfet_01v8
No property area found for device sky130_fd_pr__pfet_01v8
No property perim found for device sky130_fd_pr__pfet_01v8
No property topography found for device sky130_fd_pr__pfet_01v8
Comparison output logged to file /home/jihananz/project/opamp/mag/tbc/pmos_out.lvs.out
Logging to file "/home/jihananz/project/opamp/mag/tbc/pmos_out.lvs.out" enabled
Circuit sky130_fd_pr__pfet_01v8 contains no devices.
Duplicate pin D5 in cell pmos_out (1)
Duplicate pin VDD in cell pmos_out (1)
Duplicate pin D8 in cell pmos_out (1)
Duplicate pin OUT in cell pmos_out (1)

Contents of circuit 1:  Circuit: 'pmos_out'
Circuit pmos_out contains 28 device instances.
  Class: sky130_fd_pr__pfet_01v8 instances:  28
Circuit contains 48 nets.
Contents of circuit 2:  Circuit: 'pmos_out'
Circuit pmos_out contains 7 device instances.
  Class: sky130_fd_pr__pfet_01v8 instances:   7
Circuit contains 6 nets.

Circuit was modified by parallel/series device merging.
New circuit summary:

Contents of circuit 1:  Circuit: 'pmos_out'
Circuit pmos_out contains 23 device instances.
  Class: sky130_fd_pr__pfet_01v8 instances:  23
Circuit contains 48 nets.
Contents of circuit 2:  Circuit: 'pmos_out'
Circuit pmos_out contains 5 device instances.
  Class: sky130_fd_pr__pfet_01v8 instances:   5
Circuit contains 6 nets.

Circuit 1 contains 23 devices, Circuit 2 contains 5 devices. *** MISMATCH ***
Circuit 1 contains 45 nets,    Circuit 2 contains 6 nets. *** MISMATCH ***


Final result: 
Netlists do not match.
Port matching may fail to disambiguate symmetries.
Logging to file "/home/jihananz/project/opamp/mag/tbc/pmos_out.lvs.out" disabled
LVS Done.
