
Circuit 1 cell sky130_fd_pr__pfet_01v8 and Circuit 2 cell sky130_fd_pr__pfet_01v8 are black boxes.
Warning: Equate pins:  cell sky130_fd_pr__pfet_01v8 is a placeholder, treated as a black box.
Warning: Equate pins:  cell sky130_fd_pr__pfet_01v8 is a placeholder, treated as a black box.

Subcircuit pins:
Circuit 1: sky130_fd_pr__pfet_01v8         |Circuit 2: sky130_fd_pr__pfet_01v8         
-------------------------------------------|-------------------------------------------
1                                          |1                                          
2                                          |2                                          
3                                          |3                                          
4                                          |4                                          
---------------------------------------------------------------------------------------
Cell pin lists are equivalent.
Device classes sky130_fd_pr__pfet_01v8 and sky130_fd_pr__pfet_01v8 are equivalent.
Flattening unmatched subcell sky130_fd_pr__pfet_01v8_V8EU5L in circuit pmos_out (0)(4 instances)
Flattening unmatched subcell sky130_fd_pr__pfet_01v8_BHRSS5 in circuit pmos_out (0)(4 instances)
Flattening unmatched subcell sky130_fd_pr__pfet_01v8_2XUZHN in circuit pmos_out (0)(8 instances)

Class pmos_out (0):  Merged 5 parallel devices.
Class pmos_out (1):  Merged 2 parallel devices.
Subcircuit summary:
Circuit 1: pmos_out                        |Circuit 2: pmos_out                        
-------------------------------------------|-------------------------------------------
sky130_fd_pr__pfet_01v8 (28->23)           |sky130_fd_pr__pfet_01v8 (24->5) **Mismatch 
Number of devices: 23 **Mismatch**         |Number of devices: 5 **Mismatch**          
Number of nets: 45 **Mismatch**            |Number of nets: 6 **Mismatch**             
---------------------------------------------------------------------------------------
NET mismatches: Class fragments follow (with fanout counts):
Circuit 1: pmos_out                        |Circuit 2: pmos_out                        

---------------------------------------------------------------------------------------
Net: m1_105_n1020#                         |Net: VIN                                   
  sky130_fd_pr__pfet_01v8/(1|3) = 10       |  sky130_fd_pr__pfet_01v8/2 = 1            
  sky130_fd_pr__pfet_01v8/2 = 1            |                                           
                                           |                                           
Net: S                                     |Net: VIP                                   
  sky130_fd_pr__pfet_01v8/4 = 21           |  sky130_fd_pr__pfet_01v8/2 = 1            
                                           |                                           
Net: sky130_fd_pr__pfet_01v8_2XUZHN_1/a_15 |Net: D8                                    
  sky130_fd_pr__pfet_01v8/(1|3) = 2        |  sky130_fd_pr__pfet_01v8/(1|3) = 3        
                                           |  sky130_fd_pr__pfet_01v8/2 = 1            
                                           |                                           
Net: sky130_fd_pr__pfet_01v8_V8EU5L_0/a_28 |Net: OUT                                   
  sky130_fd_pr__pfet_01v8/(1|3) = 2        |  sky130_fd_pr__pfet_01v8/(1|3) = 3        
                                           |  sky130_fd_pr__pfet_01v8/2 = 1            
                                           |                                           
Net: sky130_fd_pr__pfet_01v8_V8EU5L_2/a_n1 |Net: D5                                    
  sky130_fd_pr__pfet_01v8/(1|3) = 2        |  sky130_fd_pr__pfet_01v8/(1|3) = 4        
                                           |  sky130_fd_pr__pfet_01v8/2 = 1            
                                           |                                           
Net: sky130_fd_pr__pfet_01v8_2XUZHN_5/a_15 |Net: VDD                                   
  sky130_fd_pr__pfet_01v8/(1|3) = 2        |  sky130_fd_pr__pfet_01v8/4 = 5            
                                           |                                           
Net: sky130_fd_pr__pfet_01v8_V8EU5L_2/a_12 |(no matching net)                          
  sky130_fd_pr__pfet_01v8/(1|3) = 2        |                                           
                                           |                                           
Net: sky130_fd_pr__pfet_01v8_V8EU5L_2/a_28 |(no matching net)                          
  sky130_fd_pr__pfet_01v8/(1|3) = 2        |                                           
                                           |                                           
Net: sky130_fd_pr__pfet_01v8_2XUZHN_7/a_15 |(no matching net)                          
  sky130_fd_pr__pfet_01v8/(1|3) = 2        |                                           
                                           |                                           
Net: sky130_fd_pr__pfet_01v8_V8EU5L_1/a_28 |(no matching net)                          
  sky130_fd_pr__pfet_01v8/(1|3) = 2        |                                           
                                           |                                           
Net: sky130_fd_pr__pfet_01v8_V8EU5L_3/a_n1 |(no matching net)                          
  sky130_fd_pr__pfet_01v8/(1|3) = 2        |                                           
                                           |                                           
Net: sky130_fd_pr__pfet_01v8_2XUZHN_2/a_15 |(no matching net)                          
  sky130_fd_pr__pfet_01v8/(1|3) = 2        |                                           
                                           |                                           
Net: sky130_fd_pr__pfet_01v8_V8EU5L_3/a_12 |(no matching net)                          
  sky130_fd_pr__pfet_01v8/(1|3) = 2        |                                           
                                           |                                           
Net: sky130_fd_pr__pfet_01v8_V8EU5L_3/a_28 |(no matching net)                          
  sky130_fd_pr__pfet_01v8/(1|3) = 2        |                                           
                                           |                                           
Net: m1_341_73#                            |(no matching net)                          
  sky130_fd_pr__pfet_01v8/2 = 2            |                                           
                                           |                                           
Net: m1_26_128#                            |(no matching net)                          
  sky130_fd_pr__pfet_01v8/2 = 2            |                                           
                                           |                                           
Net: m1_342_n872#                          |(no matching net)                          
  sky130_fd_pr__pfet_01v8/2 = 2            |                                           
                                           |                                           
Net: m1_25_n927#                           |(no matching net)                          
  sky130_fd_pr__pfet_01v8/2 = 2            |                                           
                                           |                                           
Net: sky130_fd_pr__pfet_01v8_BHRSS5_4/w_n1 |(no matching net)                          
  sky130_fd_pr__pfet_01v8/4 = 2            |                                           
                                           |                                           
Net: m1_478_n798#                          |(no matching net)                          
  sky130_fd_pr__pfet_01v8/2 = 1            |                                           
                                           |                                           
Net: a_15_n461#                            |(no matching net)                          
  sky130_fd_pr__pfet_01v8/2 = 1            |                                           
                                           |                                           
Net: a_464_n289#                           |(no matching net)                          
  sky130_fd_pr__pfet_01v8/2 = 1            |                                           
                                           |                                           
Net: sky130_fd_pr__pfet_01v8_V8EU5L_3/a_n2 |(no matching net)                          
  sky130_fd_pr__pfet_01v8/2 = 1            |                                           
                                           |                                           
Net: sky130_fd_pr__pfet_01v8_BHRSS5_1/a_n5 |(no matching net)                          
  sky130_fd_pr__pfet_01v8/2 = 1            |                                           
                                           |                                           
Net: sky130_fd_pr__pfet_01v8_BHRSS5_4/a_n5 |(no matching net)                          
  sky130_fd_pr__pfet_01v8/2 = 1            |                                           
                                           |                                           
Net: /sky130_fd_pr__pfet_01v8_2XUZHN_0/a_n |(no matching net)                          
  sky130_fd_pr__pfet_01v8/2 = 1            |                                           
                                           |                                           
Net: /sky130_fd_pr__pfet_01v8_2XUZHN_1/a_n |(no matching net)                          
  sky130_fd_pr__pfet_01v8/2 = 1            |                                           
                                           |                                           
Net: /sky130_fd_pr__pfet_01v8_2XUZHN_2/a_n |(no matching net)                          
  sky130_fd_pr__pfet_01v8/2 = 1            |                                           
                                           |                                           
Net: /sky130_fd_pr__pfet_01v8_2XUZHN_4/a_n |(no matching net)                          
  sky130_fd_pr__pfet_01v8/2 = 1            |                                           
                                           |                                           
Net: /sky130_fd_pr__pfet_01v8_2XUZHN_5/a_n |(no matching net)                          
  sky130_fd_pr__pfet_01v8/2 = 1            |                                           
                                           |                                           
Net: /sky130_fd_pr__pfet_01v8_2XUZHN_6/a_n |(no matching net)                          
  sky130_fd_pr__pfet_01v8/2 = 1            |                                           
                                           |                                           
Net: /sky130_fd_pr__pfet_01v8_2XUZHN_7/a_n |(no matching net)                          
  sky130_fd_pr__pfet_01v8/2 = 1            |                                           
                                           |                                           
Net: /sky130_fd_pr__pfet_01v8_2XUZHN_8/a_n |(no matching net)                          
  sky130_fd_pr__pfet_01v8/2 = 1            |                                           
                                           |                                           
Net: sky130_fd_pr__pfet_01v8_BHRSS5_1/a_50 |(no matching net)                          
  sky130_fd_pr__pfet_01v8/(1|3) = 1        |                                           
                                           |                                           
Net: sky130_fd_pr__pfet_01v8_BHRSS5_1/a_n1 |(no matching net)                          
  sky130_fd_pr__pfet_01v8/(1|3) = 1        |                                           
                                           |                                           
Net: sky130_fd_pr__pfet_01v8_BHRSS5_4/a_50 |(no matching net)                          
  sky130_fd_pr__pfet_01v8/(1|3) = 1        |                                           
                                           |                                           
Net: sky130_fd_pr__pfet_01v8_BHRSS5_4/a_n1 |(no matching net)                          
  sky130_fd_pr__pfet_01v8/(1|3) = 1        |                                           
                                           |                                           
Net: sky130_fd_pr__pfet_01v8_2XUZHN_0/a_15 |(no matching net)                          
  sky130_fd_pr__pfet_01v8/(1|3) = 1        |                                           
                                           |                                           
Net: sky130_fd_pr__pfet_01v8_2XUZHN_1/a_n7 |(no matching net)                          
  sky130_fd_pr__pfet_01v8/(1|3) = 1        |                                           
                                           |                                           
Net: sky130_fd_pr__pfet_01v8_2XUZHN_2/a_n7 |(no matching net)                          
  sky130_fd_pr__pfet_01v8/(1|3) = 1        |                                           
                                           |                                           
Net: sky130_fd_pr__pfet_01v8_2XUZHN_4/a_15 |(no matching net)                          
  sky130_fd_pr__pfet_01v8/(1|3) = 1        |                                           
                                           |                                           
Net: sky130_fd_pr__pfet_01v8_2XUZHN_5/a_n7 |(no matching net)                          
  sky130_fd_pr__pfet_01v8/(1|3) = 1        |                                           
                                           |                                           
Net: sky130_fd_pr__pfet_01v8_2XUZHN_6/a_15 |(no matching net)                          
  sky130_fd_pr__pfet_01v8/(1|3) = 1        |                                           
                                           |                                           
Net: sky130_fd_pr__pfet_01v8_2XUZHN_7/a_n7 |(no matching net)                          
  sky130_fd_pr__pfet_01v8/(1|3) = 1        |                                           
                                           |                                           
Net: (no pins)                             |(no matching net)                          
  sky130_fd_pr__pfet_01v8/(1|3) = 1        |                                           
---------------------------------------------------------------------------------------
DEVICE mismatches: Class fragments follow (with node fanout counts):
Circuit 1: pmos_out                        |Circuit 2: pmos_out                        

---------------------------------------------------------------------------------------
Instance: sky130_fd_pr__pfet_01v8_V8EU5L_0 |Instance: sky130_fd_pr__pfet_01v8:M6       
  (1,3) = (11,11)                          |  (1,3) = (5,4)                            
  2 = 11                                   |  2 = 1                                    
  4 = 21                                   |  4 = 5                                    
                                           |                                           
Instance: sky130_fd_pr__pfet_01v8_V8EU5L_0 |Instance: sky130_fd_pr__pfet_01v8:M7       
  (1,3) = (11,2)                           |  (1,3) = (5,4)                            
  2 = 2                                    |  2 = 1                                    
  4 = 21                                   |  4 = 5                                    
                                           |                                           
Instance: sky130_fd_pr__pfet_01v8_V8EU5L_0 |Instance: sky130_fd_pr__pfet_01v8:M1       
  (1,3) = (11,2)                           |  (1,3) = (5,5)                            
  2 = 2                                    |  2 = 5                                    
  4 = 21                                   |  4 = 5                                    
                                           |                                           
Instance: sky130_fd_pr__pfet_01v8_V8EU5L_2 |Instance: sky130_fd_pr__pfet_01v8:M2       
  (1,3) = (11,2)                           |  (1,3) = (4,4)                            
  2 = 2                                    |  2 = 4                                    
  4 = 21                                   |  4 = 5                                    
                                           |                                           
Instance: sky130_fd_pr__pfet_01v8_V8EU5L_2 |Instance: sky130_fd_pr__pfet_01v8:M3       
  (1,3) = (2,2)                            |  (1,3) = (4,4)                            
  2 = 1                                    |  2 = 4                                    
  4 = 21                                   |  4 = 5                                    
                                           |                                           
Instance: sky130_fd_pr__pfet_01v8_V8EU5L_2 |(no matching instance)                     
  (1,3) = (11,2)                           |                                           
  2 = 2                                    |                                           
  4 = 21                                   |                                           
                                           |                                           
                                           |                                           
Instance: sky130_fd_pr__pfet_01v8_V8EU5L_2 |(no matching instance)                     
  (1,3) = (2,2)                            |                                           
  2 = 1                                    |                                           
  4 = 21                                   |                                           
                                           |                                           
                                           |                                           
Instance: sky130_fd_pr__pfet_01v8_V8EU5L_1 |(no matching instance)                     
  (1,3) = (11,2)                           |                                           
  2 = 2                                    |                                           
  4 = 21                                   |                                           
                                           |                                           
                                           |                                           
Instance: sky130_fd_pr__pfet_01v8_V8EU5L_1 |(no matching instance)                     
  (1,3) = (11,2)                           |                                           
  2 = 2                                    |                                           
  4 = 21                                   |                                           
                                           |                                           
                                           |                                           
Instance: sky130_fd_pr__pfet_01v8_V8EU5L_3 |(no matching instance)                     
  (1,3) = (11,2)                           |                                           
  2 = 2                                    |                                           
  4 = 21                                   |                                           
                                           |                                           
                                           |                                           
Instance: sky130_fd_pr__pfet_01v8_V8EU5L_3 |(no matching instance)                     
  (1,3) = (2,2)                            |                                           
  2 = 1                                    |                                           
  4 = 21                                   |                                           
                                           |                                           
                                           |                                           
Instance: sky130_fd_pr__pfet_01v8_V8EU5L_3 |(no matching instance)                     
  (1,3) = (11,2)                           |                                           
  2 = 2                                    |                                           
  4 = 21                                   |                                           
                                           |                                           
                                           |                                           
Instance: sky130_fd_pr__pfet_01v8_V8EU5L_3 |(no matching instance)                     
  (1,3) = (2,2)                            |                                           
  2 = 1                                    |                                           
  4 = 21                                   |                                           
                                           |                                           
                                           |                                           
Instance: sky130_fd_pr__pfet_01v8_BHRSS5_1 |(no matching instance)                     
  (1,3) = (1,1)                            |                                           
  2 = 1                                    |                                           
  4 = 2                                    |                                           
                                           |                                           
                                           |                                           
Instance: sky130_fd_pr__pfet_01v8_BHRSS5_3 |(no matching instance)                     
  (1,3) = (1,1)                            |                                           
  2 = 1                                    |                                           
  4 = 2                                    |                                           
                                           |                                           
                                           |                                           
Instance: sky130_fd_pr__pfet_01v8_2XUZHN_0 |(no matching instance)                     
  (1,3) = (2,1)                            |                                           
  2 = 1                                    |                                           
  4 = 21                                   |                                           
                                           |                                           
                                           |                                           
Instance: sky130_fd_pr__pfet_01v8_2XUZHN_1 |(no matching instance)                     
  (1,3) = (2,1)                            |                                           
  2 = 1                                    |                                           
  4 = 21                                   |                                           
                                           |                                           
                                           |                                           
Instance: sky130_fd_pr__pfet_01v8_2XUZHN_2 |(no matching instance)                     
  (1,3) = (2,1)                            |                                           
  2 = 1                                    |                                           
  4 = 21                                   |                                           
                                           |                                           
                                           |                                           
Instance: sky130_fd_pr__pfet_01v8_2XUZHN_4 |(no matching instance)                     
  (1,3) = (2,1)                            |                                           
  2 = 1                                    |                                           
  4 = 21                                   |                                           
                                           |                                           
                                           |                                           
Instance: sky130_fd_pr__pfet_01v8_2XUZHN_5 |(no matching instance)                     
  (1,3) = (2,1)                            |                                           
  2 = 1                                    |                                           
  4 = 21                                   |                                           
                                           |                                           
                                           |                                           
Instance: sky130_fd_pr__pfet_01v8_2XUZHN_6 |(no matching instance)                     
  (1,3) = (2,1)                            |                                           
  2 = 1                                    |                                           
  4 = 21                                   |                                           
                                           |                                           
                                           |                                           
Instance: sky130_fd_pr__pfet_01v8_2XUZHN_7 |(no matching instance)                     
  (1,3) = (2,1)                            |                                           
  2 = 1                                    |                                           
  4 = 21                                   |                                           
                                           |                                           
                                           |                                           
Instance: sky130_fd_pr__pfet_01v8_2XUZHN_8 |(no matching instance)                     
  (1,3) = (2,1)                            |                                           
  2 = 1                                    |                                           
  4 = 21                                   |                                           
                                           |                                           
---------------------------------------------------------------------------------------
Netlists do not match.
Port matching may fail to disambiguate symmetries.

Subcircuit pins:
Circuit 1: pmos_out                        |Circuit 2: pmos_out                        
-------------------------------------------|-------------------------------------------
Cell pin lists are equivalent.
Device classes pmos_out and pmos_out are equivalent.

Final result: Netlists do not match.
Port matching may fail to disambiguate symmetries.
